<?xml version="1.0" encoding="UTF-8"?>
<testng-results ignored="0" total="1" passed="1" failed="0" skipped="0">
  <reporter-output>
  </reporter-output>
  <suite started-at="2024-01-24T14:12:05 CST" name="Default suite" finished-at="2024-01-24T14:12:08 CST" duration-ms="3378">
    <groups>
    </groups>
    <test started-at="2024-01-24T14:12:05 CST" name="Default test" finished-at="2024-01-24T14:12:08 CST" duration-ms="3378">
      <class name="api.endPoint.LoginEndPoints">
        <test-method signature="mymethod()[pri:0, instance:api.endPoint.LoginEndPoints@4659191b]" started-at="2024-01-24T14:12:05 CST" name="mymethod" finished-at="2024-01-24T14:12:08 CST" duration-ms="3332" status="PASS">
          <reporter-output>
          </reporter-output>
        </test-method> <!-- mymethod -->
      </class> <!-- api.endPoint.LoginEndPoints -->
    </test> <!-- Default test -->
  </suite> <!-- Default suite -->
</testng-results>
